<?xml version="1.0" encoding="UTF-8"?>
<testng-results ignored="0" total="1" passed="1" failed="0" skipped="0">
  <reporter-output>
  </reporter-output>
  <suite started-at="2020-08-20T13:58:32 IST" name="Default suite" finished-at="2020-08-20T13:58:53 IST" duration-ms="20674">
    <groups>
    </groups>
    <test started-at="2020-08-20T13:58:32 IST" name="Default test" finished-at="2020-08-20T13:58:53 IST" duration-ms="20674">
      <class name="POM.withoutFindElements">
        <test-method signature="Login()[pri:0, instance:POM.withoutFindElements@737d2118]" started-at="2020-08-20T13:58:32 IST" name="Login" finished-at="2020-08-20T13:58:53 IST" duration-ms="20602" status="PASS">
          <reporter-output>
          </reporter-output>
        </test-method> <!-- Login -->
      </class> <!-- POM.withoutFindElements -->
    </test> <!-- Default test -->
  </suite> <!-- Default suite -->
</testng-results>
